TN:
SF:/home/casper/studyspace/bootcamp/desafio_final/backend_v2/vowfile.js
FN:16,(anonymous_0)
FN:17,(anonymous_1)
FN:40,(anonymous_2)
FNF:3
FNH:3
FNDA:1,(anonymous_0)
FNDA:1,(anonymous_1)
FNDA:1,(anonymous_2)
DA:14,1
DA:16,1
DA:17,1
DA:27,1
DA:37,1
DA:40,1
DA:49,1
DA:62,1
LF:8
LH:8
BRF:0
BRH:0
end_of_record
TN:
SF:/home/casper/studyspace/bootcamp/desafio_final/backend_v2/app/Controllers/Http/FileController.js
FN:23,(anonymous_0)
FN:37,(anonymous_1)
FNF:2
FNH:2
FNDA:2,(anonymous_0)
FNDA:2,(anonymous_1)
DA:7,1
DA:8,1
DA:24,2
DA:26,1
DA:38,2
DA:40,2
DA:41,0
DA:44,2
DA:45,2
DA:48,2
DA:50,2
DA:51,0
DA:54,2
DA:61,2
DA:63,0
DA:70,1
LF:16
LH:13
BRDA:40,0,0,0
BRDA:40,0,1,2
BRDA:50,1,0,0
BRDA:50,1,1,2
BRF:4
BRH:2
end_of_record
TN:
SF:/home/casper/studyspace/bootcamp/desafio_final/backend_v2/app/Controllers/Http/ForgotPasswordController.js
FN:10,(anonymous_0)
FN:28,(anonymous_1)
FN:44,(anonymous_2)
FNF:3
FNH:3
FNDA:1,(anonymous_0)
FNDA:1,(anonymous_1)
FNDA:1,(anonymous_2)
DA:3,1
DA:4,1
DA:6,1
DA:7,1
DA:11,1
DA:12,1
DA:13,1
DA:15,1
DA:16,1
DA:18,1
DA:20,1
DA:29,1
DA:36,0
DA:45,1
DA:46,1
DA:47,1
DA:50,1
DA:55,1
DA:56,1
DA:64,0
DA:65,0
DA:67,0
DA:69,0
DA:71,0
DA:80,1
LF:25
LH:19
BRDA:55,0,0,1
BRDA:55,0,1,0
BRF:2
BRH:1
end_of_record
TN:
SF:/home/casper/studyspace/bootcamp/desafio_final/backend_v2/app/Controllers/Http/UserController.js
FN:7,(anonymous_0)
FN:14,(anonymous_1)
FNF:2
FNH:2
FNDA:2,(anonymous_0)
FNDA:3,(anonymous_1)
DA:3,1
DA:4,1
DA:8,2
DA:10,2
DA:11,2
DA:15,3
DA:16,3
DA:17,3
DA:19,3
DA:20,1
DA:27,2
DA:28,2
DA:29,1
DA:36,1
DA:37,1
DA:39,1
DA:41,1
DA:43,0
DA:52,1
LF:19
LH:18
BRDA:19,0,0,1
BRDA:19,0,1,2
BRDA:28,1,0,1
BRDA:28,1,1,1
BRF:4
BRH:4
end_of_record
TN:
SF:/home/casper/studyspace/bootcamp/desafio_final/backend_v2/app/Middleware/ConvertEmptyStringsToNull.js
FN:4,(anonymous_0)
FN:7,(anonymous_1)
FNF:2
FNH:2
FNDA:28,(anonymous_0)
FNDA:62,(anonymous_1)
DA:5,28
DA:6,19
DA:7,62
DA:13,28
DA:17,1
LF:5
LH:5
BRDA:5,0,0,19
BRDA:5,0,1,9
BRDA:8,1,0,60
BRDA:8,1,1,2
BRF:4
BRH:4
end_of_record
TN:
SF:/home/casper/studyspace/bootcamp/desafio_final/backend_v2/app/Models/File.js
FN:10,(anonymous_0)
FN:14,(anonymous_1)
FN:18,(anonymous_2)
FN:22,(anonymous_3)
FNF:4
FNH:3
FNDA:2,(anonymous_0)
FNDA:2,(anonymous_1)
FNDA:17,(anonymous_2)
FNDA:0,(anonymous_3)
DA:5,1
DA:6,1
DA:11,2
DA:15,2
DA:19,17
DA:23,0
DA:27,1
LF:7
LH:6
BRF:0
BRH:0
end_of_record
TN:
SF:/home/casper/studyspace/bootcamp/desafio_final/backend_v2/app/Models/Meetup.js
FN:7,(anonymous_0)
FNF:1
FNH:0
FNDA:0,(anonymous_0)
DA:4,1
DA:8,0
DA:12,1
LF:3
LH:2
BRF:0
BRH:0
end_of_record
TN:
SF:/home/casper/studyspace/bootcamp/desafio_final/backend_v2/app/Models/User.js
FN:10,(anonymous_0)
FN:13,(anonymous_1)
FN:20,(anonymous_2)
FN:24,(anonymous_3)
FN:28,(anonymous_4)
FNF:5
FNH:3
FNDA:1,(anonymous_0)
FNDA:22,(anonymous_1)
FNDA:117,(anonymous_2)
FNDA:0,(anonymous_3)
FNDA:0,(anonymous_4)
DA:4,1
DA:7,1
DA:11,1
DA:13,1
DA:14,22
DA:15,21
DA:21,117
DA:25,0
DA:29,0
DA:33,1
LF:10
LH:8
BRDA:14,0,0,21
BRDA:14,0,1,1
BRF:2
BRH:2
end_of_record
TN:
SF:/home/casper/studyspace/bootcamp/desafio_final/backend_v2/app/Validators/CreateImageFile.js
FN:6,(anonymous_0)
FN:10,(anonymous_1)
FN:14,(anonymous_2)
FN:18,(anonymous_3)
FNF:4
FNH:4
FNDA:5,(anonymous_0)
FNDA:5,(anonymous_1)
FNDA:3,(anonymous_2)
FNDA:15,(anonymous_3)
DA:3,1
DA:7,5
DA:11,5
DA:15,3
DA:19,15
DA:25,1
LF:6
LH:6
BRF:0
BRH:0
end_of_record
TN:
SF:/home/casper/studyspace/bootcamp/desafio_final/backend_v2/app/Validators/CreateMeetup.js
FN:7,(anonymous_0)
FN:11,(anonymous_1)
FN:15,(anonymous_2)
FN:19,(anonymous_3)
FNF:4
FNH:4
FNDA:4,(anonymous_0)
FNDA:4,(anonymous_1)
FNDA:4,(anonymous_2)
FNDA:12,(anonymous_3)
DA:3,1
DA:4,1
DA:8,4
DA:12,4
DA:16,4
DA:20,12
DA:21,12
DA:30,1
LF:8
LH:8
BRF:0
BRH:0
end_of_record
TN:
SF:/home/casper/studyspace/bootcamp/desafio_final/backend_v2/app/Validators/CreateUser.js
FN:6,(anonymous_0)
FN:10,(anonymous_1)
FN:18,(anonymous_2)
FNF:3
FNH:3
FNDA:4,(anonymous_0)
FNDA:12,(anonymous_1)
FNDA:4,(anonymous_2)
DA:3,1
DA:7,4
DA:11,12
DA:19,4
DA:23,1
LF:5
LH:5
BRF:0
BRH:0
end_of_record
TN:
SF:/home/casper/studyspace/bootcamp/desafio_final/backend_v2/app/Validators/ForgotPassword.js
FN:6,(anonymous_0)
FN:10,(anonymous_1)
FN:17,(anonymous_2)
FNF:3
FNH:3
FNDA:3,(anonymous_0)
FNDA:9,(anonymous_1)
FNDA:3,(anonymous_2)
DA:3,1
DA:7,3
DA:11,9
DA:18,3
DA:22,1
LF:5
LH:5
BRF:0
BRH:0
end_of_record
TN:
SF:/home/casper/studyspace/bootcamp/desafio_final/backend_v2/app/Validators/ResetPassword.js
FN:6,(anonymous_0)
FN:10,(anonymous_1)
FN:17,(anonymous_2)
FNF:3
FNH:3
FNDA:2,(anonymous_0)
FNDA:6,(anonymous_1)
FNDA:2,(anonymous_2)
DA:3,1
DA:7,2
DA:11,6
DA:18,2
DA:22,1
LF:5
LH:5
BRF:0
BRH:0
end_of_record
TN:
SF:/home/casper/studyspace/bootcamp/desafio_final/backend_v2/app/Validators/UpdateUser.js
FN:6,(anonymous_0)
FN:10,(anonymous_1)
FN:19,(anonymous_2)
FNF:3
FNH:3
FNDA:5,(anonymous_0)
FNDA:15,(anonymous_1)
FNDA:5,(anonymous_2)
DA:3,1
DA:7,5
DA:11,15
DA:20,5
DA:24,1
LF:5
LH:5
BRF:0
BRH:0
end_of_record
TN:
SF:/home/casper/studyspace/bootcamp/desafio_final/backend_v2/config/app.js
FNF:0
FNH:0
DA:4,1
DA:6,1
LF:2
LH:2
BRF:0
BRH:0
end_of_record
TN:
SF:/home/casper/studyspace/bootcamp/desafio_final/backend_v2/config/auth.js
FNF:0
FNH:0
DA:4,1
DA:6,1
LF:2
LH:2
BRF:0
BRH:0
end_of_record
TN:
SF:/home/casper/studyspace/bootcamp/desafio_final/backend_v2/config/bodyParser.js
FNF:0
FNH:0
DA:3,1
LF:1
LH:1
BRF:0
BRH:0
end_of_record
TN:
SF:/home/casper/studyspace/bootcamp/desafio_final/backend_v2/config/cors.js
FNF:0
FNH:0
DA:3,1
LF:1
LH:1
BRF:0
BRH:0
end_of_record
TN:
SF:/home/casper/studyspace/bootcamp/desafio_final/backend_v2/config/database.js
FNF:0
FNH:0
DA:4,1
DA:7,1
DA:9,1
LF:3
LH:3
BRF:0
BRH:0
end_of_record
TN:
SF:/home/casper/studyspace/bootcamp/desafio_final/backend_v2/config/hash.js
FNF:0
FNH:0
DA:4,1
DA:6,1
LF:2
LH:2
BRF:0
BRH:0
end_of_record
TN:
SF:/home/casper/studyspace/bootcamp/desafio_final/backend_v2/config/mail.js
FNF:0
FNH:0
DA:3,1
DA:5,1
LF:2
LH:2
BRF:0
BRH:0
end_of_record
TN:
SF:/home/casper/studyspace/bootcamp/desafio_final/backend_v2/database/factory.js
FN:21,(anonymous_0)
FN:29,(anonymous_1)
FN:41,(anonymous_2)
FNF:3
FNH:3
FNDA:20,(anonymous_0)
FNDA:5,(anonymous_1)
FNDA:1,(anonymous_2)
DA:16,1
DA:17,1
DA:19,1
DA:21,1
DA:22,20
DA:29,1
DA:30,5
DA:41,1
DA:42,1
LF:9
LH:9
BRF:0
BRH:0
end_of_record
TN:
SF:/home/casper/studyspace/bootcamp/desafio_final/backend_v2/database/migrations/1503250034279_user.js
FN:7,(anonymous_0)
FN:8,(anonymous_1)
FN:22,(anonymous_2)
FNF:3
FNH:3
FNDA:1,(anonymous_0)
FNDA:1,(anonymous_1)
FNDA:1,(anonymous_2)
DA:4,1
DA:8,1
DA:9,1
DA:10,1
DA:11,1
DA:15,1
DA:16,1
DA:17,1
DA:18,1
DA:23,1
DA:27,1
LF:11
LH:11
BRF:0
BRH:0
end_of_record
TN:
SF:/home/casper/studyspace/bootcamp/desafio_final/backend_v2/database/migrations/1503250034280_token.js
FN:7,(anonymous_0)
FN:8,(anonymous_1)
FN:18,(anonymous_2)
FNF:3
FNH:3
FNDA:1,(anonymous_0)
FNDA:1,(anonymous_1)
FNDA:1,(anonymous_2)
DA:4,1
DA:8,1
DA:9,1
DA:10,1
DA:11,1
DA:12,1
DA:13,1
DA:14,1
DA:19,1
DA:23,1
LF:10
LH:10
BRF:0
BRH:0
end_of_record
TN:
SF:/home/casper/studyspace/bootcamp/desafio_final/backend_v2/database/migrations/1565482639192_meetup_schema.js
FN:7,(anonymous_0)
FN:8,(anonymous_1)
FN:32,(anonymous_2)
FNF:3
FNH:3
FNDA:1,(anonymous_0)
FNDA:1,(anonymous_1)
FNDA:1,(anonymous_2)
DA:4,1
DA:8,1
DA:9,1
DA:10,1
DA:24,1
DA:25,1
DA:26,1
DA:27,1
DA:28,1
DA:33,1
DA:37,1
LF:11
LH:11
BRF:0
BRH:0
end_of_record
TN:
SF:/home/casper/studyspace/bootcamp/desafio_final/backend_v2/database/migrations/1565496041952_file_schema.js
FN:7,(anonymous_0)
FN:8,(anonymous_1)
FN:18,(anonymous_2)
FNF:3
FNH:3
FNDA:1,(anonymous_0)
FNDA:1,(anonymous_1)
FNDA:1,(anonymous_2)
DA:4,1
DA:8,1
DA:9,1
DA:10,1
DA:11,1
DA:12,1
DA:13,1
DA:14,1
DA:19,1
DA:23,1
LF:10
LH:10
BRF:0
BRH:0
end_of_record
TN:
SF:/home/casper/studyspace/bootcamp/desafio_final/backend_v2/start/app.js
FNF:0
FNH:0
DA:13,1
DA:34,1
DA:51,1
DA:61,1
DA:63,1
LF:5
LH:5
BRF:0
BRH:0
end_of_record
TN:
SF:/home/casper/studyspace/bootcamp/desafio_final/backend_v2/start/kernel.js
FNF:0
FNH:0
DA:4,1
DA:15,1
DA:37,1
DA:52,1
DA:57,1
LF:5
LH:5
BRF:0
BRH:0
end_of_record
TN:
SF:/home/casper/studyspace/bootcamp/desafio_final/backend_v2/start/routes.js
FN:33,(anonymous_0)
FNF:1
FNH:1
FNDA:1,(anonymous_0)
DA:17,1
DA:20,1
DA:23,1
DA:25,1
DA:29,1
DA:33,1
DA:35,1
DA:37,1
DA:39,1
LF:9
LH:9
BRF:0
BRH:0
end_of_record
